

Microchip Technology PIC LITE Macro Assembler V1.35 build -356382666 
                                                                                               Sat Oct 17 12:17:58 2015

Microchip Technology Omniscient Code Generator v1.35 (Free mode) build 201507080246
     1                           	processor	16F1788
     2                           	opt	pw 120
     3                           	opt	lm
     4                           	psect	cinit,global,class=CODE,merge=1,delta=2
     5                           	psect	cstackCOMMON,global,class=COMMON,space=1,delta=1
     6                           	psect	maintext,global,class=CODE,merge=1,split=1,delta=2
     7                           	dabs	1,0x7E,2
     8  0000                     	;# 
     9  0001                     	;# 
    10  0002                     	;# 
    11  0003                     	;# 
    12  0004                     	;# 
    13  0005                     	;# 
    14  0006                     	;# 
    15  0007                     	;# 
    16  0008                     	;# 
    17  0009                     	;# 
    18  000A                     	;# 
    19  000B                     	;# 
    20  000C                     	;# 
    21  000D                     	;# 
    22  000E                     	;# 
    23  0010                     	;# 
    24  0011                     	;# 
    25  0012                     	;# 
    26  0013                     	;# 
    27  0014                     	;# 
    28  0015                     	;# 
    29  0016                     	;# 
    30  0016                     	;# 
    31  0017                     	;# 
    32  0018                     	;# 
    33  0019                     	;# 
    34  001A                     	;# 
    35  001B                     	;# 
    36  001C                     	;# 
    37  008C                     	;# 
    38  008D                     	;# 
    39  008E                     	;# 
    40  0090                     	;# 
    41  0091                     	;# 
    42  0092                     	;# 
    43  0093                     	;# 
    44  0094                     	;# 
    45  0095                     	;# 
    46  0096                     	;# 
    47  0097                     	;# 
    48  0098                     	;# 
    49  0099                     	;# 
    50  009A                     	;# 
    51  009B                     	;# 
    52  009B                     	;# 
    53  009C                     	;# 
    54  009D                     	;# 
    55  009E                     	;# 
    56  009F                     	;# 
    57  010C                     	;# 
    58  010D                     	;# 
    59  010E                     	;# 
    60  0111                     	;# 
    61  0112                     	;# 
    62  0113                     	;# 
    63  0114                     	;# 
    64  0115                     	;# 
    65  0116                     	;# 
    66  0117                     	;# 
    67  0118                     	;# 
    68  0119                     	;# 
    69  011A                     	;# 
    70  011B                     	;# 
    71  011C                     	;# 
    72  011D                     	;# 
    73  011D                     	;# 
    74  011D                     	;# 
    75  011E                     	;# 
    76  011F                     	;# 
    77  018C                     	;# 
    78  018D                     	;# 
    79  018E                     	;# 
    80  0191                     	;# 
    81  0191                     	;# 
    82  0192                     	;# 
    83  0193                     	;# 
    84  0193                     	;# 
    85  0193                     	;# 
    86  0194                     	;# 
    87  0195                     	;# 
    88  0196                     	;# 
    89  0197                     	;# 
    90  0199                     	;# 
    91  0199                     	;# 
    92  0199                     	;# 
    93  019A                     	;# 
    94  019A                     	;# 
    95  019A                     	;# 
    96  019B                     	;# 
    97  019B                     	;# 
    98  019B                     	;# 
    99  019B                     	;# 
   100  019B                     	;# 
   101  019C                     	;# 
   102  019C                     	;# 
   103  019C                     	;# 
   104  019D                     	;# 
   105  019D                     	;# 
   106  019D                     	;# 
   107  019E                     	;# 
   108  019E                     	;# 
   109  019E                     	;# 
   110  019F                     	;# 
   111  019F                     	;# 
   112  019F                     	;# 
   113  019F                     	;# 
   114  019F                     	;# 
   115  020C                     	;# 
   116  020D                     	;# 
   117  020E                     	;# 
   118  0210                     	;# 
   119  0211                     	;# 
   120  0211                     	;# 
   121  0212                     	;# 
   122  0212                     	;# 
   123  0213                     	;# 
   124  0213                     	;# 
   125  0214                     	;# 
   126  0214                     	;# 
   127  0215                     	;# 
   128  0215                     	;# 
   129  0215                     	;# 
   130  0215                     	;# 
   131  0216                     	;# 
   132  0216                     	;# 
   133  0217                     	;# 
   134  0217                     	;# 
   135  028C                     	;# 
   136  028D                     	;# 
   137  028E                     	;# 
   138  0291                     	;# 
   139  0291                     	;# 
   140  0292                     	;# 
   141  0293                     	;# 
   142  0298                     	;# 
   143  0298                     	;# 
   144  0299                     	;# 
   145  029A                     	;# 
   146  030C                     	;# 
   147  030D                     	;# 
   148  030E                     	;# 
   149  0311                     	;# 
   150  0311                     	;# 
   151  0312                     	;# 
   152  0313                     	;# 
   153  038C                     	;# 
   154  038D                     	;# 
   155  038E                     	;# 
   156  0390                     	;# 
   157  0391                     	;# 
   158  0392                     	;# 
   159  0393                     	;# 
   160  0394                     	;# 
   161  0395                     	;# 
   162  0396                     	;# 
   163  0397                     	;# 
   164  0398                     	;# 
   165  0399                     	;# 
   166  039D                     	;# 
   167  039E                     	;# 
   168  039F                     	;# 
   169  0511                     	;# 
   170  0513                     	;# 
   171  051A                     	;# 
   172  0591                     	;# 
   173  0592                     	;# 
   174  0592                     	;# 
   175  0593                     	;# 
   176  0594                     	;# 
   177  0594                     	;# 
   178  0595                     	;# 
   179  0596                     	;# 
   180  0596                     	;# 
   181  0E91                     	;# 
   182  0E92                     	;# 
   183  0E93                     	;# 
   184  0E94                     	;# 
   185  0E95                     	;# 
   186  0E96                     	;# 
   187  0E97                     	;# 
   188  0E98                     	;# 
   189  0E99                     	;# 
   190  0E9A                     	;# 
   191  0E9B                     	;# 
   192  0E9C                     	;# 
   193  0E9D                     	;# 
   194  0E9E                     	;# 
   195  0E9F                     	;# 
   196  0EA0                     	;# 
   197  0EA1                     	;# 
   198  0EA1                     	;# 
   199  0EA2                     	;# 
   200  0EA3                     	;# 
   201  0EA3                     	;# 
   202  0EA4                     	;# 
   203  0EA5                     	;# 
   204  0EA5                     	;# 
   205  0EA6                     	;# 
   206  0EA7                     	;# 
   207  0EA7                     	;# 
   208  0EA8                     	;# 
   209  0EA9                     	;# 
   210  0EAA                     	;# 
   211  0EAB                     	;# 
   212  0EAC                     	;# 
   213  0EAD                     	;# 
   214  0EAE                     	;# 
   215  0EAF                     	;# 
   216  0EB1                     	;# 
   217  0EB2                     	;# 
   218  0EB3                     	;# 
   219  0EB4                     	;# 
   220  0EB5                     	;# 
   221  0EB6                     	;# 
   222  0EB7                     	;# 
   223  0EB8                     	;# 
   224  0EB9                     	;# 
   225  0EBA                     	;# 
   226  0EBB                     	;# 
   227  0EBC                     	;# 
   228  0EBD                     	;# 
   229  0EBE                     	;# 
   230  0EBF                     	;# 
   231  0EC0                     	;# 
   232  0EC1                     	;# 
   233  0EC1                     	;# 
   234  0EC2                     	;# 
   235  0EC3                     	;# 
   236  0EC3                     	;# 
   237  0EC4                     	;# 
   238  0EC5                     	;# 
   239  0EC5                     	;# 
   240  0EC6                     	;# 
   241  0EC7                     	;# 
   242  0EC7                     	;# 
   243  0EC8                     	;# 
   244  0EC9                     	;# 
   245  0ECA                     	;# 
   246  0ECB                     	;# 
   247  0ECC                     	;# 
   248  0ECD                     	;# 
   249  0ECE                     	;# 
   250  0ECF                     	;# 
   251  0ED1                     	;# 
   252  0ED2                     	;# 
   253  0ED3                     	;# 
   254  0ED4                     	;# 
   255  0ED5                     	;# 
   256  0ED6                     	;# 
   257  0ED7                     	;# 
   258  0ED8                     	;# 
   259  0ED9                     	;# 
   260  0EDA                     	;# 
   261  0EDB                     	;# 
   262  0EDC                     	;# 
   263  0EDD                     	;# 
   264  0EDE                     	;# 
   265  0EDF                     	;# 
   266  0EE0                     	;# 
   267  0EE1                     	;# 
   268  0EE1                     	;# 
   269  0EE2                     	;# 
   270  0EE3                     	;# 
   271  0EE3                     	;# 
   272  0EE4                     	;# 
   273  0EE5                     	;# 
   274  0EE5                     	;# 
   275  0EE6                     	;# 
   276  0EE7                     	;# 
   277  0EE7                     	;# 
   278  0EE8                     	;# 
   279  0EE9                     	;# 
   280  0EEA                     	;# 
   281  0EEB                     	;# 
   282  0EEC                     	;# 
   283  0EED                     	;# 
   284  0EEE                     	;# 
   285  0EEF                     	;# 
   286  0F11                     	;# 
   287  0F12                     	;# 
   288  0F13                     	;# 
   289  0F14                     	;# 
   290  0F15                     	;# 
   291  0F16                     	;# 
   292  0F17                     	;# 
   293  0F18                     	;# 
   294  0F19                     	;# 
   295  0F1A                     	;# 
   296  0F1B                     	;# 
   297  0F1C                     	;# 
   298  0F1D                     	;# 
   299  0F1E                     	;# 
   300  0F1F                     	;# 
   301  0F20                     	;# 
   302  0F21                     	;# 
   303  0F21                     	;# 
   304  0F22                     	;# 
   305  0F23                     	;# 
   306  0F23                     	;# 
   307  0F24                     	;# 
   308  0F25                     	;# 
   309  0F25                     	;# 
   310  0F26                     	;# 
   311  0F27                     	;# 
   312  0F27                     	;# 
   313  0F28                     	;# 
   314  0F29                     	;# 
   315  0F2A                     	;# 
   316  0F2B                     	;# 
   317  0F2C                     	;# 
   318  0F2D                     	;# 
   319  0F2E                     	;# 
   320  0F2F                     	;# 
   321  0FE4                     	;# 
   322  0FE5                     	;# 
   323  0FE6                     	;# 
   324  0FE7                     	;# 
   325  0FE8                     	;# 
   326  0FE9                     	;# 
   327  0FEA                     	;# 
   328  0FEB                     	;# 
   329  0FED                     	;# 
   330  0FEE                     	;# 
   331  0FEF                     	;# 
   332                           
   333                           	psect	cinit
   334  07FD                     start_initialization:	
   335                           ; #config settings
   336                           
   337  07FD                     __initialization:	
   338  07FD                     end_of_initialization:	
   339                           ;End of C runtime variable initialization code
   340                           
   341  07FD                     __end_of__initialization:	
   342  07FD  0020               	movlb	0
   343  07FE  3187  2FFB         	ljmp	_main	;jump to C main() function
   344                           
   345                           	psect	cstackCOMMON
   346  0000                     __pcstackCOMMON:	
   347  0000                     ??_main:	
   348  0000                     ?_main:	
   349                           ; 0 bytes @ 0x0
   350                           
   351                           
   352                           	psect	maintext
   353  07FB                     __pmaintext:	
   354                           ; 2 bytes @ 0x0
   355 ;;
   356 ;;Main: autosize = 0, tempsize = 0, incstack = 0, save=0
   357 ;;
   358 ;; *************** function _main *****************
   359 ;; Defined at:
   360 ;;		line 13 in file "../../source/main.c"
   361 ;; Parameters:    Size  Location     Type
   362 ;;		None
   363 ;; Auto vars:     Size  Location     Type
   364 ;;		None
   365 ;; Return value:  Size  Location     Type
   366 ;;                  2    2[None  ] int 
   367 ;; Registers used:
   368 ;;		None
   369 ;; Tracked objects:
   370 ;;		On entry : B1F/0
   371 ;;		On exit  : 0/0
   372 ;;		Unchanged: 0/0
   373 ;; Data sizes:     COMMON   BANK0   BANK1   BANK2   BANK3   BANK4   BANK5   BANK6   BANK7   BANK8   BANK9  BANK10  BANK1
      +1  BANK12  BANK13  BANK14  BANK15  BANK16  BANK17  BANK18  BANK19  BANK20  BANK21  BANK22  BANK23  BANK24  BANK25
   374 ;;      Params:         0       0       0       0       0       0       0       0       0       0       0       0       
      +0       0       0       0       0       0       0       0       0       0       0       0       0       0       0
   375 ;;      Locals:         0       0       0       0       0       0       0       0       0       0       0       0       
      +0       0       0       0       0       0       0       0       0       0       0       0       0       0       0
   376 ;;      Temps:          0       0       0       0       0       0       0       0       0       0       0       0       
      +0       0       0       0       0       0       0       0       0       0       0       0       0       0       0
   377 ;;      Totals:         0       0       0       0       0       0       0       0       0       0       0       0       
      +0       0       0       0       0       0       0       0       0       0       0       0       0       0       0
   378 ;;Total ram usage:        0 bytes
   379 ;; This function calls:
   380 ;;		Nothing
   381 ;; This function is called by:
   382 ;;		Startup code after reset
   383 ;; This function uses a non-reentrant model
   384 ;;
   385                           
   386                           
   387                           ;psect for function _main
   388  07FB                     _main:	
   389                           
   390                           ;main.c: 15: return;
   391                           
   392                           ;incstack = 0
   393                           ; Regs used in _main: []
   394  07FB  3180  2802         	ljmp	start
   395  07FD                     __end_of_main:	
   396  007E                     btemp	set	126	;btemp
   397  007E                     wtemp	set	126
   398  007E                     wtemp0	set	126
   399  0080                     wtemp1	set	128
   400  0082                     wtemp2	set	130
   401  0084                     wtemp3	set	132
   402  0086                     wtemp4	set	134
   403  0088                     wtemp5	set	136
   404  007F                     wtemp6	set	127
   405  007E                     ttemp	set	126
   406  007E                     ttemp0	set	126
   407  0081                     ttemp1	set	129
   408  0084                     ttemp2	set	132
   409  0087                     ttemp3	set	135
   410  007F                     ttemp4	set	127
   411  007E                     ltemp	set	126
   412  007E                     ltemp0	set	126
   413  0082                     ltemp1	set	130
   414  0086                     ltemp2	set	134
   415  0080                     ltemp3	set	128


Data Sizes:
    Strings     0
    Constant    0
    Data        0
    BSS         0
    Persistent  0
    Stack       0

Auto Spaces:
    Space          Size  Autos    Used
    COMMON           14      0       0
    BANK0            80      0       0
    BANK1            80      0       0
    BANK2            80      0       0
    BANK3            80      0       0
    BANK4            80      0       0
    BANK5            80      0       0
    BANK6            80      0       0
    BANK7            80      0       0
    BANK8            80      0       0
    BANK9            80      0       0
    BANK10           80      0       0
    BANK11           80      0       0
    BANK12           80      0       0
    BANK13           80      0       0
    BANK14           80      0       0
    BANK15           80      0       0
    BANK16           80      0       0
    BANK17           80      0       0
    BANK18           80      0       0
    BANK19           80      0       0
    BANK20           80      0       0
    BANK21           80      0       0
    BANK22           80      0       0
    BANK23           80      0       0
    BANK24           80      0       0
    BANK25           32      0       0

Pointer List with Targets:

    None.

Critical Paths under _main in COMMON

    None.

Critical Paths under _main in BANK0

    None.

Critical Paths under _main in BANK1

    None.

Critical Paths under _main in BANK2

    None.

Critical Paths under _main in BANK3

    None.

Critical Paths under _main in BANK4

    None.

Critical Paths under _main in BANK5

    None.

Critical Paths under _main in BANK6

    None.

Critical Paths under _main in BANK7

    None.

Critical Paths under _main in BANK8

    None.

Critical Paths under _main in BANK9

    None.

Critical Paths under _main in BANK10

    None.

Critical Paths under _main in BANK11

    None.

Critical Paths under _main in BANK12

    None.

Critical Paths under _main in BANK13

    None.

Critical Paths under _main in BANK14

    None.

Critical Paths under _main in BANK15

    None.

Critical Paths under _main in BANK16

    None.

Critical Paths under _main in BANK17

    None.

Critical Paths under _main in BANK18

    None.

Critical Paths under _main in BANK19

    None.

Critical Paths under _main in BANK20

    None.

Critical Paths under _main in BANK21

    None.

Critical Paths under _main in BANK22

    None.

Critical Paths under _main in BANK23

    None.

Critical Paths under _main in BANK24

    None.

Critical Paths under _main in BANK25

    None.

Call Graph Tables:

 ---------------------------------------------------------------------------------
 (Depth) Function   	        Calls       Base Space   Used Autos Params    Refs
 ---------------------------------------------------------------------------------
 (0) _main                                                 0     0      0       0
 ---------------------------------------------------------------------------------
 Estimated maximum stack depth 0
 ---------------------------------------------------------------------------------

 Call Graph Graphs:

 _main (ROOT)

 Address spaces:
Name               Size   Autos  Total    Cost      Usage
BIGRAM             7F0      0       0       0        0.0%
EEDATA             100      0       0       0        0.0%
NULL                 0      0       0       0        0.0%
CODE                 0      0       0       0        0.0%
BITCOMMON            E      0       0       1        0.0%
BITSFR0              0      0       0       1        0.0%
SFR0                 0      0       0       1        0.0%
COMMON               E      0       0       2        0.0%
BITSFR1              0      0       0       2        0.0%
SFR1                 0      0       0       2        0.0%
BITSFR2              0      0       0       3        0.0%
SFR2                 0      0       0       3        0.0%
STACK                0      0       0       3        0.0%
BITBANK0            50      0       0       4        0.0%
BITSFR3              0      0       0       4        0.0%
SFR3                 0      0       0       4        0.0%
BANK0               50      0       0       5        0.0%
BITSFR4              0      0       0       5        0.0%
SFR4                 0      0       0       5        0.0%
BITBANK1            50      0       0       6        0.0%
BITSFR5              0      0       0       6        0.0%
SFR5                 0      0       0       6        0.0%
BANK1               50      0       0       7        0.0%
BITSFR6              0      0       0       7        0.0%
SFR6                 0      0       0       7        0.0%
BITBANK2            50      0       0       8        0.0%
BITSFR7              0      0       0       8        0.0%
SFR7                 0      0       0       8        0.0%
BANK2               50      0       0       9        0.0%
BITSFR8              0      0       0       9        0.0%
SFR8                 0      0       0       9        0.0%
BITBANK3            50      0       0      10        0.0%
BITSFR9              0      0       0      10        0.0%
SFR9                 0      0       0      10        0.0%
BANK3               50      0       0      11        0.0%
BITSFR10             0      0       0      11        0.0%
SFR10                0      0       0      11        0.0%
BITBANK4            50      0       0      12        0.0%
BITSFR11             0      0       0      12        0.0%
SFR11                0      0       0      12        0.0%
BANK4               50      0       0      13        0.0%
BITSFR12             0      0       0      13        0.0%
SFR12                0      0       0      13        0.0%
BITSFR13             0      0       0      14        0.0%
SFR13                0      0       0      14        0.0%
ABS                  0      0       0      14        0.0%
BITBANK5            50      0       0      15        0.0%
BITSFR14             0      0       0      15        0.0%
SFR14                0      0       0      15        0.0%
BANK5               50      0       0      16        0.0%
BITSFR15             0      0       0      16        0.0%
SFR15                0      0       0      16        0.0%
BITBANK6            50      0       0      17        0.0%
BITSFR16             0      0       0      17        0.0%
SFR16                0      0       0      17        0.0%
BANK6               50      0       0      18        0.0%
BITSFR17             0      0       0      18        0.0%
SFR17                0      0       0      18        0.0%
BITBANK7            50      0       0      19        0.0%
BITSFR18             0      0       0      19        0.0%
SFR18                0      0       0      19        0.0%
BANK7               50      0       0      20        0.0%
BITSFR19             0      0       0      20        0.0%
SFR19                0      0       0      20        0.0%
BITBANK8            50      0       0      21        0.0%
BITSFR20             0      0       0      21        0.0%
SFR20                0      0       0      21        0.0%
BANK8               50      0       0      22        0.0%
BITSFR21             0      0       0      22        0.0%
SFR21                0      0       0      22        0.0%
BITBANK9            50      0       0      23        0.0%
BITSFR22             0      0       0      23        0.0%
SFR22                0      0       0      23        0.0%
BANK9               50      0       0      24        0.0%
BITSFR23             0      0       0      24        0.0%
SFR23                0      0       0      24        0.0%
BITBANK10           50      0       0      25        0.0%
BITSFR24             0      0       0      25        0.0%
SFR24                0      0       0      25        0.0%
BANK10              50      0       0      26        0.0%
BITSFR25             0      0       0      26        0.0%
SFR25                0      0       0      26        0.0%
BITBANK11           50      0       0      27        0.0%
BITSFR26             0      0       0      27        0.0%
SFR26                0      0       0      27        0.0%
BITSFR27             0      0       0      28        0.0%
SFR27                0      0       0      28        0.0%
DATA                 0      0       0      28        0.0%
BANK11              50      0       0      29        0.0%
BITSFR28             0      0       0      29        0.0%
SFR28                0      0       0      29        0.0%
BITBANK12           50      0       0      30        0.0%
BITSFR29             0      0       0      30        0.0%
SFR29                0      0       0      30        0.0%
BANK12              50      0       0      31        0.0%
BITSFR30             0      0       0      31        0.0%
SFR30                0      0       0      31        0.0%
BITBANK13           50      0       0      32        0.0%
BITSFR31             0      0       0      32        0.0%
SFR31                0      0       0      32        0.0%
BANK13              50      0       0      33        0.0%
BITBANK14           50      0       0      34        0.0%
BANK14              50      0       0      35        0.0%
BITBANK15           50      0       0      36        0.0%
BANK15              50      0       0      37        0.0%
BITBANK16           50      0       0      38        0.0%
BANK16              50      0       0      39        0.0%
BITBANK17           50      0       0      40        0.0%
BANK17              50      0       0      41        0.0%
BITBANK18           50      0       0      42        0.0%
BANK18              50      0       0      43        0.0%
BITBANK19           50      0       0      44        0.0%
BANK19              50      0       0      45        0.0%
BITBANK20           50      0       0      46        0.0%
BANK20              50      0       0      47        0.0%
BITBANK21           50      0       0      48        0.0%
BANK21              50      0       0      49        0.0%
BITBANK22           50      0       0      50        0.0%
BANK22              50      0       0      51        0.0%
BITBANK23           50      0       0      52        0.0%
BANK23              50      0       0      53        0.0%
BITBANK24           50      0       0      54        0.0%
BANK24              50      0       0      55        0.0%
BITBANK25           20      0       0      56        0.0%
BANK25              20      0       0      57        0.0%


Microchip Technology PIC Macro Assembler V1.35 build -356382666 
Symbol Table                                                                                   Sat Oct 17 12:17:58 2015

                   _main 07FB                     btemp 007E                     ltemp 007E  
                   start 0002                     ttemp 007E                     wtemp 007E  
                  ?_main 0000                    ltemp0 007E                    ltemp1 0082  
                  ltemp2 0086                    ltemp3 0080                    ttemp0 007E  
                  ttemp1 0081                    ttemp2 0084                    ttemp3 0087  
                  ttemp4 007F                    wtemp0 007E                    wtemp1 0080  
                  wtemp2 0082                    wtemp3 0084                    wtemp4 0086  
                  wtemp5 0088                    wtemp6 007F          __initialization 07FD  
           __end_of_main 07FD                   ??_main 0000  __end_of__initialization 07FD  
         __pcstackCOMMON 0000               __pmaintext 07FB     end_of_initialization 07FD  
    start_initialization 07FD                ___latbits 0003            __size_of_main 0002  
